Performing C SOURCE FILE Test CMAKE_HAVE_LIBC_PTHREAD failed with the following output:
Change Dir: /home/danylo/dev/naiCRAFTyi/cmake-build-debug/CMakeFiles/CMakeTmp

Run Build Command(s):/usr/bin/make cmTC_97b28/fast && /usr/bin/make -f CMakeFiles/cmTC_97b28.dir/build.make CMakeFiles/cmTC_97b28.dir/build
make[1]: входимо до каталогу «/home/danylo/dev/naiCRAFTyi/cmake-build-debug/CMakeFiles/CMakeTmp»
Building C object CMakeFiles/cmTC_97b28.dir/src.c.o
/usr/bin/cc   -DCMAKE_HAVE_LIBC_PTHREAD   -o CMakeFiles/cmTC_97b28.dir/src.c.o   -c /home/danylo/dev/naiCRAFTyi/cmake-build-debug/CMakeFiles/CMakeTmp/src.c
Linking C executable cmTC_97b28
/snap/clion/100/bin/cmake/linux/bin/cmake -E cmake_link_script CMakeFiles/cmTC_97b28.dir/link.txt --verbose=1
/usr/bin/cc  -DCMAKE_HAVE_LIBC_PTHREAD    CMakeFiles/cmTC_97b28.dir/src.c.o  -o cmTC_97b28 
CMakeFiles/cmTC_97b28.dir/src.c.o: у функції «main»:
src.c:(.text+0x3e): невизначене посилання «pthread_create»
src.c:(.text+0x4a): невизначене посилання «pthread_detach»
src.c:(.text+0x5b): невизначене посилання «pthread_join»
src.c:(.text+0x6f): невизначене посилання «pthread_atfork»
collect2: error: ld returned 1 exit status
CMakeFiles/cmTC_97b28.dir/build.make:86: recipe for target 'cmTC_97b28' failed
make[1]: *** [cmTC_97b28] Error 1
make[1]: Залишаю каталог "/home/danylo/dev/naiCRAFTyi/cmake-build-debug/CMakeFiles/CMakeTmp"
Makefile:121: recipe for target 'cmTC_97b28/fast' failed
make: *** [cmTC_97b28/fast] Error 2


Source file was:
#include <pthread.h>

void* test_func(void* data)
{
  return data;
}

int main(void)
{
  pthread_t thread;
  pthread_create(&thread, NULL, test_func, NULL);
  pthread_detach(thread);
  pthread_join(thread, NULL);
  pthread_atfork(NULL, NULL, NULL);
  pthread_exit(NULL);

  return 0;
}

Determining if the function pthread_create exists in the pthreads failed with the following output:
Change Dir: /home/danylo/dev/naiCRAFTyi/cmake-build-debug/CMakeFiles/CMakeTmp

Run Build Command(s):/usr/bin/make cmTC_b70b2/fast && /usr/bin/make -f CMakeFiles/cmTC_b70b2.dir/build.make CMakeFiles/cmTC_b70b2.dir/build
make[1]: входимо до каталогу «/home/danylo/dev/naiCRAFTyi/cmake-build-debug/CMakeFiles/CMakeTmp»
Building C object CMakeFiles/cmTC_b70b2.dir/CheckFunctionExists.c.o
/usr/bin/cc   -DCHECK_FUNCTION_EXISTS=pthread_create   -o CMakeFiles/cmTC_b70b2.dir/CheckFunctionExists.c.o   -c /snap/clion/100/bin/cmake/linux/share/cmake-3.15/Modules/CheckFunctionExists.c
Linking C executable cmTC_b70b2
/snap/clion/100/bin/cmake/linux/bin/cmake -E cmake_link_script CMakeFiles/cmTC_b70b2.dir/link.txt --verbose=1
/usr/bin/cc  -DCHECK_FUNCTION_EXISTS=pthread_create    CMakeFiles/cmTC_b70b2.dir/CheckFunctionExists.c.o  -o cmTC_b70b2 -lpthreads 
/usr/bin/ld: не вдалося знайти -lpthreads
collect2: error: ld returned 1 exit status
CMakeFiles/cmTC_b70b2.dir/build.make:86: recipe for target 'cmTC_b70b2' failed
make[1]: *** [cmTC_b70b2] Error 1
make[1]: Залишаю каталог "/home/danylo/dev/naiCRAFTyi/cmake-build-debug/CMakeFiles/CMakeTmp"
Makefile:121: recipe for target 'cmTC_b70b2/fast' failed
make: *** [cmTC_b70b2/fast] Error 2



